<?xml version="1.0" encoding="UTF-8"?>
<!-- Generated by org.testng.reporters.JUnitXMLReporter -->
<testsuite ignored="0" hostname="5CD2188LZT" failures="0" tests="3" name="Test" time="14.104" errors="0" timestamp="2025-12-26T20:54:17 IST">
  <testcase classname="org.fb.test.qa.FBLoginTestDataDriven" name="TC001_ValidLogin" time="0.367"/>
  <testcase classname="org.fb.test.qa.FBLoginTestDataDriven" name="TC001_ValidLogin" time="0.334"/>
  <testcase classname="org.fb.test.qa.FBLoginTestDataDriven" name="TC002_ValidLogin" time="0.329"/>
</testsuite> <!-- Test -->
