<?xml version="1.0" encoding="UTF-8"?>
<!-- Generated by org.testng.reporters.JUnitReportReporter -->
<testsuite hostname="5CD2188LZT" failures="0" tests="3" name="org.fb.test.qa.FBLoginTestDataDriven" time="12.712" errors="0" timestamp="2025-12-26T20:54:17 IST" skipped="0">
  <testcase classname="org.fb.test.qa.FBLoginTestDataDriven" name="TC001_ValidLogin" time="3.944"/>
  <testcase classname="org.fb.test.qa.FBLoginTestDataDriven" name="TC001_ValidLogin" time="4.099"/>
  <testcase classname="org.fb.test.qa.FBLoginTestDataDriven" name="TC002_ValidLogin" time="4.669"/>
</testsuite> <!-- org.fb.test.qa.FBLoginTestDataDriven -->
