<?xml version="1.0" encoding="UTF-8"?>
<!-- Generated by org.testng.reporters.JUnitXMLReporter -->
<testsuite ignored="0" hostname="5CD2188LZT" failures="1" tests="1" name="Login Tests" time="9.916" errors="0" timestamp="2025-12-24T21:10:54 IST">
  <testcase classname="org.fb.test.qa.LoginTest" name="verifyTitle" time="0.474">
    <failure type="java.lang.AssertionError" message="expected [true] but found [false]">
      <![CDATA[java.lang.AssertionError: expected [true] but found [false]
at org.fb.test.qa.LoginTest.verifyTitle(LoginTest.java:35)
at java.base/java.util.ArrayList.forEach(ArrayList.java:1597)
... Removed 29 stack frames]]>
    </failure>
  </testcase> <!-- verifyTitle -->
</testsuite> <!-- Login Tests -->
