<?xml version="1.0" encoding="UTF-8"?>
<!-- Generated by org.testng.reporters.JUnitXMLReporter -->
<testsuite ignored="0" hostname="5CD2188LZT" failures="0" tests="4" name="Default test" time="16.942" errors="0" timestamp="2025-12-26T20:45:57 IST">
  <testcase classname="org.fb.test.qa.FBLoginTestDataDriven" name="TC001_ValidLogin" time="0.286"/>
  <testcase classname="org.fb.test.qa.FBLoginTestDataDriven" name="TC001_ValidLogin" time="0.341"/>
  <testcase classname="org.fb.test.qa.FBLoginTestDataDriven" name="TC001_ValidLogin" time="0.437"/>
  <testcase classname="org.fb.test.qa.FBLoginTestDataDriven" name="TC002_ValidLogin" time="0.465"/>
</testsuite> <!-- Default test -->
