<?xml version="1.0" encoding="UTF-8"?>
<testng-results ignored="0" total="3" passed="3" failed="0" skipped="0">
  <reporter-output>
  </reporter-output>
  <suite started-at="2025-12-26T20:54:02 IST" name="Suite" finished-at="2025-12-26T20:54:16 IST" duration-ms="14104">
    <groups>
    </groups>
    <test started-at="2025-12-26T20:54:02 IST" name="Test" finished-at="2025-12-26T20:54:16 IST" duration-ms="14104">
      <class name="org.fb.test.qa.FBLoginTestDataDriven">
        <test-method is-config="true" signature="setUp()[pri:0, instance:org.fb.test.qa.FBLoginTestDataDriven@6719a5b8]" started-at="2025-12-26T20:54:03 IST" name="setUp" finished-at="2025-12-26T20:54:07 IST" duration-ms="3860" status="PASS">
          <reporter-output>
          </reporter-output>
        </test-method> <!-- setUp -->
        <test-method signature="TC001_ValidLogin(java.lang.String,java.lang.String)[pri:0, instance:org.fb.test.qa.FBLoginTestDataDriven@6719a5b8]" started-at="2025-12-26T20:54:07 IST" name="TC001_ValidLogin" data-provider="getData" finished-at="2025-12-26T20:54:07 IST" duration-ms="367" status="PASS">
          <params>
            <param index="0">
              <value>
                <![CDATA[Admin]]>
              </value>
            </param>
            <param index="1">
              <value>
                <![CDATA[Admin@123]]>
              </value>
            </param>
          </params>
          <reporter-output>
          </reporter-output>
        </test-method> <!-- TC001_ValidLogin -->
        <test-method is-config="true" signature="tearDown()[pri:0, instance:org.fb.test.qa.FBLoginTestDataDriven@6719a5b8]" started-at="2025-12-26T20:54:07 IST" name="tearDown" finished-at="2025-12-26T20:54:08 IST" duration-ms="430" status="PASS">
          <reporter-output>
          </reporter-output>
        </test-method> <!-- tearDown -->
        <test-method is-config="true" signature="setUp()[pri:0, instance:org.fb.test.qa.FBLoginTestDataDriven@6719a5b8]" started-at="2025-12-26T20:54:08 IST" name="setUp" finished-at="2025-12-26T20:54:11 IST" duration-ms="3335" status="PASS">
          <reporter-output>
          </reporter-output>
        </test-method> <!-- setUp -->
        <test-method signature="TC001_ValidLogin(java.lang.String,java.lang.String)[pri:0, instance:org.fb.test.qa.FBLoginTestDataDriven@6719a5b8]" started-at="2025-12-26T20:54:11 IST" name="TC001_ValidLogin" data-provider="getData" finished-at="2025-12-26T20:54:11 IST" duration-ms="334" status="PASS">
          <params>
            <param index="0">
              <value>
                <![CDATA[Test]]>
              </value>
            </param>
            <param index="1">
              <value>
                <![CDATA[Test@123]]>
              </value>
            </param>
          </params>
          <reporter-output>
          </reporter-output>
        </test-method> <!-- TC001_ValidLogin -->
        <test-method is-config="true" signature="tearDown()[pri:0, instance:org.fb.test.qa.FBLoginTestDataDriven@6719a5b8]" started-at="2025-12-26T20:54:12 IST" name="tearDown" finished-at="2025-12-26T20:54:12 IST" duration-ms="480" status="PASS">
          <reporter-output>
          </reporter-output>
        </test-method> <!-- tearDown -->
        <test-method is-config="true" signature="setUp()[pri:0, instance:org.fb.test.qa.FBLoginTestDataDriven@6719a5b8]" started-at="2025-12-26T20:54:12 IST" name="setUp" finished-at="2025-12-26T20:54:15 IST" duration-ms="3037" status="PASS">
          <reporter-output>
          </reporter-output>
        </test-method> <!-- setUp -->
        <test-method signature="TC002_ValidLogin()[pri:0, instance:org.fb.test.qa.FBLoginTestDataDriven@6719a5b8]" started-at="2025-12-26T20:54:15 IST" name="TC002_ValidLogin" finished-at="2025-12-26T20:54:15 IST" duration-ms="329" status="PASS">
          <reporter-output>
          </reporter-output>
        </test-method> <!-- TC002_ValidLogin -->
        <test-method is-config="true" signature="tearDown()[pri:0, instance:org.fb.test.qa.FBLoginTestDataDriven@6719a5b8]" started-at="2025-12-26T20:54:15 IST" name="tearDown" finished-at="2025-12-26T20:54:16 IST" duration-ms="540" status="PASS">
          <reporter-output>
          </reporter-output>
        </test-method> <!-- tearDown -->
      </class> <!-- org.fb.test.qa.FBLoginTestDataDriven -->
    </test> <!-- Test -->
  </suite> <!-- Suite -->
</testng-results>
